<?xml version="1.0" encoding="UTF-8"?>
<testng-results skipped="6" failed="0" total="6" passed="0">
  <reporter-output>
  </reporter-output>
  <suite name="Default suite" duration-ms="28798" started-at="2021-10-18T08:46:37Z" finished-at="2021-10-18T08:47:06Z">
    <groups>
    </groups>
    <test name="Default test" duration-ms="28798" started-at="2021-10-18T08:46:37Z" finished-at="2021-10-18T08:47:06Z">
      <class name="com.qa.testcases.CheckoutPageTest">
        <test-method status="FAIL" signature="setUp()[pri:0, instance:com.qa.testcases.CheckoutPageTest@5700d6b1]" name="setUp" is-config="true" duration-ms="0" started-at="2021-10-18T14:16:37Z" finished-at="2021-10-18T14:16:37Z">
          <exception class="java.lang.NullPointerException">
            <full-stacktrace>
              <![CDATA[java.lang.NullPointerException
	at com.google.common.base.Preconditions.checkNotNull(Preconditions.java:787)
	at org.openqa.selenium.support.ui.FluentWait.<init>(FluentWait.java:96)
	at org.openqa.selenium.support.ui.WebDriverWait.<init>(WebDriverWait.java:71)
	at org.openqa.selenium.support.ui.WebDriverWait.<init>(WebDriverWait.java:45)
	at com.qa.pages.LumaPage.addItemIntoCart(LumaPage.java:38)
	at com.qa.testcases.CheckoutPageTest.setUp(CheckoutPageTest.java:28)
	at sun.reflect.NativeMethodAccessorImpl.invoke0(Native Method)
	at sun.reflect.NativeMethodAccessorImpl.invoke(NativeMethodAccessorImpl.java:62)
	at sun.reflect.DelegatingMethodAccessorImpl.invoke(DelegatingMethodAccessorImpl.java:43)
	at java.lang.reflect.Method.invoke(Method.java:498)
	at org.testng.internal.MethodInvocationHelper.invokeMethod(MethodInvocationHelper.java:100)
	at org.testng.internal.Invoker.invokeConfigurationMethod(Invoker.java:515)
	at org.testng.internal.Invoker.invokeConfigurations(Invoker.java:216)
	at org.testng.internal.Invoker.invokeMethod(Invoker.java:590)
	at org.testng.internal.Invoker.invokeTestMethod(Invoker.java:811)
	at org.testng.internal.Invoker.invokeTestMethods(Invoker.java:1137)
	at org.testng.internal.TestMethodWorker.invokeTestMethods(TestMethodWorker.java:129)
	at org.testng.internal.TestMethodWorker.run(TestMethodWorker.java:112)
	at org.testng.TestRunner.privateRun(TestRunner.java:753)
	at org.testng.TestRunner.run(TestRunner.java:607)
	at org.testng.SuiteRunner.runTest(SuiteRunner.java:368)
	at org.testng.SuiteRunner.runSequentially(SuiteRunner.java:363)
	at org.testng.SuiteRunner.privateRun(SuiteRunner.java:321)
	at org.testng.SuiteRunner.run(SuiteRunner.java:270)
	at org.testng.SuiteRunnerWorker.runSuite(SuiteRunnerWorker.java:52)
	at org.testng.SuiteRunnerWorker.run(SuiteRunnerWorker.java:86)
	at org.testng.TestNG.runSuitesSequentially(TestNG.java:1284)
	at org.testng.TestNG.runSuitesLocally(TestNG.java:1209)
	at org.testng.TestNG.runSuites(TestNG.java:1124)
	at org.testng.TestNG.run(TestNG.java:1096)
	at org.testng.remote.AbstractRemoteTestNG.run(AbstractRemoteTestNG.java:132)
	at org.testng.remote.RemoteTestNG.initAndRun(RemoteTestNG.java:236)
	at org.testng.remote.RemoteTestNG.main(RemoteTestNG.java:81)
]]>
            </full-stacktrace>
          </exception> <!-- java.lang.NullPointerException -->
          <reporter-output>
          </reporter-output>
        </test-method> <!-- setUp -->
        <test-method status="SKIP" signature="fillShippingAddressDetails()[pri:1, instance:com.qa.testcases.CheckoutPageTest@5700d6b1]" name="fillShippingAddressDetails" duration-ms="17" started-at="2021-10-18T14:17:06Z" finished-at="2021-10-18T14:17:06Z">
          <reporter-output>
          </reporter-output>
        </test-method> <!-- fillShippingAddressDetails -->
        <test-method status="SKIP" signature="tearDown()[pri:0, instance:com.qa.testcases.CheckoutPageTest@5700d6b1]" name="tearDown" is-config="true" duration-ms="0" started-at="2021-10-18T14:17:06Z" finished-at="2021-10-18T14:17:06Z">
          <reporter-output>
          </reporter-output>
        </test-method> <!-- tearDown -->
        <test-method status="SKIP" signature="setUp()[pri:0, instance:com.qa.testcases.CheckoutPageTest@5700d6b1]" name="setUp" is-config="true" duration-ms="0" started-at="2021-10-18T14:17:06Z" finished-at="2021-10-18T14:17:06Z">
          <reporter-output>
          </reporter-output>
        </test-method> <!-- setUp -->
        <test-method status="SKIP" signature="paymentMethodSelectTest()[pri:2, instance:com.qa.testcases.CheckoutPageTest@5700d6b1]" name="paymentMethodSelectTest" duration-ms="1" started-at="2021-10-18T14:17:06Z" finished-at="2021-10-18T14:17:06Z">
          <reporter-output>
          </reporter-output>
        </test-method> <!-- paymentMethodSelectTest -->
        <test-method status="SKIP" signature="tearDown()[pri:0, instance:com.qa.testcases.CheckoutPageTest@5700d6b1]" name="tearDown" is-config="true" duration-ms="0" started-at="2021-10-18T14:17:06Z" finished-at="2021-10-18T14:17:06Z">
          <reporter-output>
          </reporter-output>
        </test-method> <!-- tearDown -->
        <test-method status="SKIP" signature="setUp()[pri:0, instance:com.qa.testcases.CheckoutPageTest@5700d6b1]" name="setUp" is-config="true" duration-ms="0" started-at="2021-10-18T14:17:06Z" finished-at="2021-10-18T14:17:06Z">
          <reporter-output>
          </reporter-output>
        </test-method> <!-- setUp -->
        <test-method status="SKIP" signature="verifyEmailTest()[pri:3, instance:com.qa.testcases.CheckoutPageTest@5700d6b1]" name="verifyEmailTest" duration-ms="4" started-at="2021-10-18T14:17:06Z" finished-at="2021-10-18T14:17:06Z">
          <reporter-output>
          </reporter-output>
        </test-method> <!-- verifyEmailTest -->
        <test-method status="SKIP" signature="tearDown()[pri:0, instance:com.qa.testcases.CheckoutPageTest@5700d6b1]" name="tearDown" is-config="true" duration-ms="0" started-at="2021-10-18T14:17:06Z" finished-at="2021-10-18T14:17:06Z">
          <reporter-output>
          </reporter-output>
        </test-method> <!-- tearDown -->
        <test-method status="SKIP" signature="setUp()[pri:0, instance:com.qa.testcases.CheckoutPageTest@5700d6b1]" name="setUp" is-config="true" duration-ms="0" started-at="2021-10-18T14:17:06Z" finished-at="2021-10-18T14:17:06Z">
          <reporter-output>
          </reporter-output>
        </test-method> <!-- setUp -->
        <test-method status="SKIP" signature="billingAddressTest()[pri:4, instance:com.qa.testcases.CheckoutPageTest@5700d6b1]" name="billingAddressTest" duration-ms="6" started-at="2021-10-18T14:17:06Z" finished-at="2021-10-18T14:17:06Z">
          <reporter-output>
          </reporter-output>
        </test-method> <!-- billingAddressTest -->
        <test-method status="SKIP" signature="tearDown()[pri:0, instance:com.qa.testcases.CheckoutPageTest@5700d6b1]" name="tearDown" is-config="true" duration-ms="0" started-at="2021-10-18T14:17:06Z" finished-at="2021-10-18T14:17:06Z">
          <reporter-output>
          </reporter-output>
        </test-method> <!-- tearDown -->
        <test-method status="SKIP" signature="setUp()[pri:0, instance:com.qa.testcases.CheckoutPageTest@5700d6b1]" name="setUp" is-config="true" duration-ms="0" started-at="2021-10-18T14:17:06Z" finished-at="2021-10-18T14:17:06Z">
          <reporter-output>
          </reporter-output>
        </test-method> <!-- setUp -->
        <test-method status="SKIP" signature="verifyOneTimePaymentTest()[pri:5, instance:com.qa.testcases.CheckoutPageTest@5700d6b1]" name="verifyOneTimePaymentTest" duration-ms="3" started-at="2021-10-18T14:17:06Z" finished-at="2021-10-18T14:17:06Z">
          <reporter-output>
          </reporter-output>
        </test-method> <!-- verifyOneTimePaymentTest -->
        <test-method status="SKIP" signature="tearDown()[pri:0, instance:com.qa.testcases.CheckoutPageTest@5700d6b1]" name="tearDown" is-config="true" duration-ms="0" started-at="2021-10-18T14:17:06Z" finished-at="2021-10-18T14:17:06Z">
          <reporter-output>
          </reporter-output>
        </test-method> <!-- tearDown -->
        <test-method status="SKIP" signature="setUp()[pri:0, instance:com.qa.testcases.CheckoutPageTest@5700d6b1]" name="setUp" is-config="true" duration-ms="0" started-at="2021-10-18T14:17:06Z" finished-at="2021-10-18T14:17:06Z">
          <reporter-output>
          </reporter-output>
        </test-method> <!-- setUp -->
        <test-method status="SKIP" signature="placeOrderTest()[pri:6, instance:com.qa.testcases.CheckoutPageTest@5700d6b1]" name="placeOrderTest" duration-ms="1" started-at="2021-10-18T14:17:06Z" finished-at="2021-10-18T14:17:06Z">
          <reporter-output>
          </reporter-output>
        </test-method> <!-- placeOrderTest -->
        <test-method status="SKIP" signature="tearDown()[pri:0, instance:com.qa.testcases.CheckoutPageTest@5700d6b1]" name="tearDown" is-config="true" duration-ms="0" started-at="2021-10-18T14:17:06Z" finished-at="2021-10-18T14:17:06Z">
          <reporter-output>
          </reporter-output>
        </test-method> <!-- tearDown -->
      </class> <!-- com.qa.testcases.CheckoutPageTest -->
    </test> <!-- Default test -->
  </suite> <!-- Default suite -->
</testng-results>
